2019-01-29 09:03:25.553 DEBUG --- [ResourceBundleMessageInterpolator.java:89][background-preinit] - Loaded expression factory via original TCCL
2019-01-29 09:03:25.569 DEBUG --- [ValidatorFactoryImpl.java:578][background-preinit] - HV000234: Using org.hibernate.validator.messageinterpolation.ResourceBundleMessageInterpolator as ValidatorFactory-scoped message interpolator.
2019-01-29 09:03:25.570 DEBUG --- [ValidatorFactoryImpl.java:579][background-preinit] - HV000234: Using org.hibernate.validator.internal.engine.resolver.TraverseAllTraversableResolver as ValidatorFactory-scoped traversable resolver.
2019-01-29 09:03:25.570 DEBUG --- [ValidatorFactoryImpl.java:580][background-preinit] - HV000234: Using org.hibernate.validator.internal.util.ExecutableParameterNameProvider as ValidatorFactory-scoped parameter name provider.
2019-01-29 09:03:25.571 DEBUG --- [ValidatorFactoryImpl.java:581][background-preinit] - HV000234: Using org.hibernate.validator.internal.engine.DefaultClockProvider as ValidatorFactory-scoped clock provider.
2019-01-29 09:03:25.571 DEBUG --- [ValidatorFactoryImpl.java:582][background-preinit] - HV000234: Using org.hibernate.validator.internal.engine.scripting.DefaultScriptEvaluatorFactory as ValidatorFactory-scoped script evaluator factory.
2019-01-29 09:03:25.605 INFO  --- [StartupInfoLogger.java:50][restartedMain] - Starting MyApplication on LAPTOP-L6LF7Q8E with PID 2076 (D:\shrekspringboot\back\target\classes started by 吴署 in D:\shrekspringboot\back)
2019-01-29 09:03:25.605 DEBUG --- [StartupInfoLogger.java:53][restartedMain] - Running with Spring Boot v2.0.2.RELEASE, Spring v5.0.6.RELEASE
2019-01-29 09:03:25.606 INFO  --- [SpringApplication.java:663][restartedMain] - The following profiles are active: dev
2019-01-29 09:03:27.439 WARN  --- [ClassPathMapperScanner.java:239][restartedMain] - Skipping MapperFactoryBean with name 'bsCityDao' and 'com.shrek.example.dao.mysql.BsCityDao' mapperInterface. Bean already defined with the same name!
2019-01-29 09:03:27.440 WARN  --- [ClassPathMapperScanner.java:239][restartedMain] - Skipping MapperFactoryBean with name 'loginDao' and 'com.shrek.example.dao.mysql.LoginDao' mapperInterface. Bean already defined with the same name!
2019-01-29 09:03:27.440 WARN  --- [ClassPathMapperScanner.java:239][restartedMain] - Skipping MapperFactoryBean with name 'orgDao' and 'com.shrek.example.dao.mysql.OrgDao' mapperInterface. Bean already defined with the same name!
2019-01-29 09:03:27.440 WARN  --- [ClassPathMapperScanner.java:239][restartedMain] - Skipping MapperFactoryBean with name 'permissionDao' and 'com.shrek.example.dao.mysql.PermissionDao' mapperInterface. Bean already defined with the same name!
2019-01-29 09:03:27.441 WARN  --- [ClassPathMapperScanner.java:239][restartedMain] - Skipping MapperFactoryBean with name 'sysGeneratorDao' and 'com.shrek.example.dao.mysql.SysGeneratorDao' mapperInterface. Bean already defined with the same name!
2019-01-29 09:03:27.441 WARN  --- [ClassPathMapperScanner.java:239][restartedMain] - Skipping MapperFactoryBean with name 'userDao' and 'com.shrek.example.dao.mysql.UserDao' mapperInterface. Bean already defined with the same name!
2019-01-29 09:03:27.441 WARN  --- [ClassPathMapperScanner.java:239][restartedMain] - Skipping MapperFactoryBean with name 'webChatCacheDao' and 'com.shrek.example.dao.mysql.WebChatCacheDao' mapperInterface. Bean already defined with the same name!
2019-01-29 09:03:27.441 WARN  --- [ClassPathMapperScanner.java:239][restartedMain] - Skipping MapperFactoryBean with name 'webchatConfigDao' and 'com.shrek.example.dao.mysql.WebchatConfigDao' mapperInterface. Bean already defined with the same name!
2019-01-29 09:03:27.442 WARN  --- [ClassPathMapperScanner.java:239][restartedMain] - Skipping MapperFactoryBean with name 'webChatDepDao' and 'com.shrek.example.dao.mysql.WebChatDepDao' mapperInterface. Bean already defined with the same name!
2019-01-29 09:03:27.443 WARN  --- [ClassPathMapperScanner.java:239][restartedMain] - Skipping MapperFactoryBean with name 'webChatUserDao' and 'com.shrek.example.dao.mysql.WebChatUserDao' mapperInterface. Bean already defined with the same name!
2019-01-29 09:03:27.443 WARN  --- [ClassPathMapperScanner.java:166][restartedMain] - No MyBatis mapper was found in '[com.shrek.example.dao]' package. Please check your configuration.
2019-01-29 09:03:28.852 DEBUG --- [HikariConfig.java:495][restartedMain] - Driver class com.mysql.jdbc.Driver found in Thread context class loader org.springframework.boot.devtools.restart.classloader.RestartClassLoader@e85ed10
2019-01-29 09:03:29.573 ERROR --- [DirectJDKLog.java:180][restartedMain] - An incompatible version [1.1.32] of the APR based Apache Tomcat Native library is installed, while Tomcat requires version [1.2.14]
2019-01-29 09:03:29.739 ERROR --- [DirectJDKLog.java:180][restartedMain] - An incompatible version [1.1.32] of the APR based Apache Tomcat Native library is installed, while Tomcat requires version [1.2.14]
2019-01-29 09:03:29.833 ERROR --- [DirectJDKLog.java:180][localhost-startStop-1] - An incompatible version [1.1.32] of the APR based Apache Tomcat Native library is installed, while Tomcat requires version [1.2.14]
2019-01-29 09:03:30.324 DEBUG --- [HikariConfig.java:495][restartedMain] - Driver class com.microsoft.sqlserver.jdbc.SQLServerDriver found in Thread context class loader org.springframework.boot.devtools.restart.classloader.RestartClassLoader@e85ed10
2019-01-29 09:03:30.383 DEBUG --- [TraversableResolvers.java:60][restartedMain] - Cannot find javax.persistence.Persistence on classpath. Assuming non JPA 2 environment. All properties will per default be traversable.
2019-01-29 09:03:30.383 DEBUG --- [ResourceBundleMessageInterpolator.java:89][restartedMain] - Loaded expression factory via original TCCL
2019-01-29 09:03:30.390 DEBUG --- [TraversableResolvers.java:60][restartedMain] - Cannot find javax.persistence.Persistence on classpath. Assuming non JPA 2 environment. All properties will per default be traversable.
2019-01-29 09:03:30.391 DEBUG --- [ConfigurationImpl.java:148][restartedMain] - Setting custom MessageInterpolator of type org.springframework.validation.beanvalidation.LocaleContextMessageInterpolator
2019-01-29 09:03:30.392 DEBUG --- [ConfigurationImpl.java:180][restartedMain] - Setting custom ConstraintValidatorFactory of type org.springframework.validation.beanvalidation.SpringConstraintValidatorFactory
2019-01-29 09:03:30.393 DEBUG --- [ConfigurationImpl.java:194][restartedMain] - Setting custom ParameterNameProvider of type org.springframework.validation.beanvalidation.LocalValidatorFactoryBean$1
2019-01-29 09:03:30.394 DEBUG --- [ValidationXmlParser.java:133][restartedMain] - Trying to load META-INF/validation.xml for XML based Validator configuration.
2019-01-29 09:03:30.395 DEBUG --- [ResourceLoaderHelper.java:53][restartedMain] - Trying to load META-INF/validation.xml via user class loader
2019-01-29 09:03:30.395 DEBUG --- [ResourceLoaderHelper.java:60][restartedMain] - Trying to load META-INF/validation.xml via TCCL
2019-01-29 09:03:30.396 DEBUG --- [ResourceLoaderHelper.java:66][restartedMain] - Trying to load META-INF/validation.xml via Hibernate Validator's class loader
2019-01-29 09:03:30.396 DEBUG --- [ValidationXmlParser.java:140][restartedMain] - No META-INF/validation.xml found. Using annotation based configuration only.
2019-01-29 09:03:30.402 DEBUG --- [ValidatorFactoryImpl.java:578][restartedMain] - HV000234: Using org.springframework.validation.beanvalidation.LocaleContextMessageInterpolator as ValidatorFactory-scoped message interpolator.
2019-01-29 09:03:30.402 DEBUG --- [ValidatorFactoryImpl.java:579][restartedMain] - HV000234: Using org.hibernate.validator.internal.engine.resolver.TraverseAllTraversableResolver as ValidatorFactory-scoped traversable resolver.
2019-01-29 09:03:30.402 DEBUG --- [ValidatorFactoryImpl.java:580][restartedMain] - HV000234: Using org.hibernate.validator.internal.util.ExecutableParameterNameProvider as ValidatorFactory-scoped parameter name provider.
2019-01-29 09:03:30.403 DEBUG --- [ValidatorFactoryImpl.java:581][restartedMain] - HV000234: Using org.hibernate.validator.internal.engine.DefaultClockProvider as ValidatorFactory-scoped clock provider.
2019-01-29 09:03:30.403 DEBUG --- [ValidatorFactoryImpl.java:582][restartedMain] - HV000234: Using org.hibernate.validator.internal.engine.scripting.DefaultScriptEvaluatorFactory as ValidatorFactory-scoped script evaluator factory.
2019-01-29 09:03:31.258 INFO  --- [StartupInfoLogger.java:59][restartedMain] - Started MyApplication in 6.341 seconds (JVM running for 17.353)
2019-01-29 10:04:52.232 ERROR --- [DirectJDKLog.java:180][http-nio-8090-exec-1] - An incompatible version [1.1.32] of the APR based Apache Tomcat Native library is installed, while Tomcat requires version [1.2.14]
2019-01-29 10:05:06.378 ERROR --- [DirectJDKLog.java:180][http-nio-8090-exec-9] - An incompatible version [1.1.32] of the APR based Apache Tomcat Native library is installed, while Tomcat requires version [1.2.14]
2019-01-29 10:05:06.382 ERROR --- [DirectJDKLog.java:180][http-nio-8090-exec-2] - An incompatible version [1.1.32] of the APR based Apache Tomcat Native library is installed, while Tomcat requires version [1.2.14]
2019-01-29 10:05:06.388 ERROR --- [DirectJDKLog.java:180][http-nio-8090-exec-1] - An incompatible version [1.1.32] of the APR based Apache Tomcat Native library is installed, while Tomcat requires version [1.2.14]
