2019-04-15 09:06:21.875 DEBUG --- [ResourceBundleMessageInterpolator.java:89][background-preinit] - Loaded expression factory via original TCCL
2019-04-15 09:06:21.882 DEBUG --- [ValidatorFactoryImpl.java:578][background-preinit] - HV000234: Using org.hibernate.validator.messageinterpolation.ResourceBundleMessageInterpolator as ValidatorFactory-scoped message interpolator.
2019-04-15 09:06:21.882 DEBUG --- [ValidatorFactoryImpl.java:579][background-preinit] - HV000234: Using org.hibernate.validator.internal.engine.resolver.TraverseAllTraversableResolver as ValidatorFactory-scoped traversable resolver.
2019-04-15 09:06:21.882 DEBUG --- [ValidatorFactoryImpl.java:580][background-preinit] - HV000234: Using org.hibernate.validator.internal.util.ExecutableParameterNameProvider as ValidatorFactory-scoped parameter name provider.
2019-04-15 09:06:21.882 DEBUG --- [ValidatorFactoryImpl.java:581][background-preinit] - HV000234: Using org.hibernate.validator.internal.engine.DefaultClockProvider as ValidatorFactory-scoped clock provider.
2019-04-15 09:06:21.883 DEBUG --- [ValidatorFactoryImpl.java:582][background-preinit] - HV000234: Using org.hibernate.validator.internal.engine.scripting.DefaultScriptEvaluatorFactory as ValidatorFactory-scoped script evaluator factory.
2019-04-15 09:06:21.894 INFO  --- [StartupInfoLogger.java:50][restartedMain] - Starting MyApplication on LAPTOP-L6LF7Q8E with PID 3380 (D:\shrekspringboot\back\target\classes started by 吴署 in D:\shrekspringboot\back)
2019-04-15 09:06:21.895 DEBUG --- [StartupInfoLogger.java:53][restartedMain] - Running with Spring Boot v2.0.2.RELEASE, Spring v5.0.6.RELEASE
2019-04-15 09:06:21.895 INFO  --- [SpringApplication.java:663][restartedMain] - The following profiles are active: dev
2019-04-15 09:06:22.856 WARN  --- [ClassPathMapperScanner.java:239][restartedMain] - Skipping MapperFactoryBean with name 'bsCityDao' and 'com.shrek.example.dao.mysql.BsCityDao' mapperInterface. Bean already defined with the same name!
2019-04-15 09:06:22.857 WARN  --- [ClassPathMapperScanner.java:239][restartedMain] - Skipping MapperFactoryBean with name 'loginDao' and 'com.shrek.example.dao.mysql.LoginDao' mapperInterface. Bean already defined with the same name!
2019-04-15 09:06:22.857 WARN  --- [ClassPathMapperScanner.java:239][restartedMain] - Skipping MapperFactoryBean with name 'orgDao' and 'com.shrek.example.dao.mysql.OrgDao' mapperInterface. Bean already defined with the same name!
2019-04-15 09:06:22.857 WARN  --- [ClassPathMapperScanner.java:239][restartedMain] - Skipping MapperFactoryBean with name 'permissionDao' and 'com.shrek.example.dao.mysql.PermissionDao' mapperInterface. Bean already defined with the same name!
2019-04-15 09:06:22.857 WARN  --- [ClassPathMapperScanner.java:239][restartedMain] - Skipping MapperFactoryBean with name 'sysGeneratorDao' and 'com.shrek.example.dao.mysql.SysGeneratorDao' mapperInterface. Bean already defined with the same name!
2019-04-15 09:06:22.857 WARN  --- [ClassPathMapperScanner.java:239][restartedMain] - Skipping MapperFactoryBean with name 'userDao' and 'com.shrek.example.dao.mysql.UserDao' mapperInterface. Bean already defined with the same name!
2019-04-15 09:06:22.857 WARN  --- [ClassPathMapperScanner.java:239][restartedMain] - Skipping MapperFactoryBean with name 'webChatCacheDao' and 'com.shrek.example.dao.mysql.WebChatCacheDao' mapperInterface. Bean already defined with the same name!
2019-04-15 09:06:22.858 WARN  --- [ClassPathMapperScanner.java:239][restartedMain] - Skipping MapperFactoryBean with name 'webchatConfigDao' and 'com.shrek.example.dao.mysql.WebchatConfigDao' mapperInterface. Bean already defined with the same name!
2019-04-15 09:06:22.858 WARN  --- [ClassPathMapperScanner.java:239][restartedMain] - Skipping MapperFactoryBean with name 'webChatDepDao' and 'com.shrek.example.dao.mysql.WebChatDepDao' mapperInterface. Bean already defined with the same name!
2019-04-15 09:06:22.858 WARN  --- [ClassPathMapperScanner.java:239][restartedMain] - Skipping MapperFactoryBean with name 'webChatUserDao' and 'com.shrek.example.dao.mysql.WebChatUserDao' mapperInterface. Bean already defined with the same name!
2019-04-15 09:06:22.858 WARN  --- [ClassPathMapperScanner.java:166][restartedMain] - No MyBatis mapper was found in '[com.shrek.example.dao]' package. Please check your configuration.
2019-04-15 09:06:24.732 DEBUG --- [HikariConfig.java:495][restartedMain] - Driver class com.mysql.jdbc.Driver found in Thread context class loader org.springframework.boot.devtools.restart.classloader.RestartClassLoader@17421304
2019-04-15 09:06:25.504 ERROR --- [DirectJDKLog.java:180][restartedMain] - An incompatible version [1.1.32] of the APR based Apache Tomcat Native library is installed, while Tomcat requires version [1.2.14]
2019-04-15 09:06:25.748 ERROR --- [DirectJDKLog.java:180][restartedMain] - An incompatible version [1.1.32] of the APR based Apache Tomcat Native library is installed, while Tomcat requires version [1.2.14]
2019-04-15 09:06:25.765 ERROR --- [DirectJDKLog.java:180][localhost-startStop-1] - An incompatible version [1.1.32] of the APR based Apache Tomcat Native library is installed, while Tomcat requires version [1.2.14]
2019-04-15 09:06:26.205 DEBUG --- [HikariConfig.java:495][restartedMain] - Driver class com.microsoft.sqlserver.jdbc.SQLServerDriver found in Thread context class loader org.springframework.boot.devtools.restart.classloader.RestartClassLoader@17421304
2019-04-15 09:06:26.266 DEBUG --- [TraversableResolvers.java:60][restartedMain] - Cannot find javax.persistence.Persistence on classpath. Assuming non JPA 2 environment. All properties will per default be traversable.
2019-04-15 09:06:26.266 DEBUG --- [ResourceBundleMessageInterpolator.java:89][restartedMain] - Loaded expression factory via original TCCL
2019-04-15 09:06:26.271 DEBUG --- [TraversableResolvers.java:60][restartedMain] - Cannot find javax.persistence.Persistence on classpath. Assuming non JPA 2 environment. All properties will per default be traversable.
2019-04-15 09:06:26.272 DEBUG --- [ConfigurationImpl.java:148][restartedMain] - Setting custom MessageInterpolator of type org.springframework.validation.beanvalidation.LocaleContextMessageInterpolator
2019-04-15 09:06:26.273 DEBUG --- [ConfigurationImpl.java:180][restartedMain] - Setting custom ConstraintValidatorFactory of type org.springframework.validation.beanvalidation.SpringConstraintValidatorFactory
2019-04-15 09:06:26.273 DEBUG --- [ConfigurationImpl.java:194][restartedMain] - Setting custom ParameterNameProvider of type org.springframework.validation.beanvalidation.LocalValidatorFactoryBean$1
2019-04-15 09:06:26.274 DEBUG --- [ValidationXmlParser.java:133][restartedMain] - Trying to load META-INF/validation.xml for XML based Validator configuration.
2019-04-15 09:06:26.274 DEBUG --- [ResourceLoaderHelper.java:53][restartedMain] - Trying to load META-INF/validation.xml via user class loader
2019-04-15 09:06:26.275 DEBUG --- [ResourceLoaderHelper.java:60][restartedMain] - Trying to load META-INF/validation.xml via TCCL
2019-04-15 09:06:26.275 DEBUG --- [ResourceLoaderHelper.java:66][restartedMain] - Trying to load META-INF/validation.xml via Hibernate Validator's class loader
2019-04-15 09:06:26.275 DEBUG --- [ValidationXmlParser.java:140][restartedMain] - No META-INF/validation.xml found. Using annotation based configuration only.
2019-04-15 09:06:26.278 DEBUG --- [ValidatorFactoryImpl.java:578][restartedMain] - HV000234: Using org.springframework.validation.beanvalidation.LocaleContextMessageInterpolator as ValidatorFactory-scoped message interpolator.
2019-04-15 09:06:26.278 DEBUG --- [ValidatorFactoryImpl.java:579][restartedMain] - HV000234: Using org.hibernate.validator.internal.engine.resolver.TraverseAllTraversableResolver as ValidatorFactory-scoped traversable resolver.
2019-04-15 09:06:26.278 DEBUG --- [ValidatorFactoryImpl.java:580][restartedMain] - HV000234: Using org.hibernate.validator.internal.util.ExecutableParameterNameProvider as ValidatorFactory-scoped parameter name provider.
2019-04-15 09:06:26.279 DEBUG --- [ValidatorFactoryImpl.java:581][restartedMain] - HV000234: Using org.hibernate.validator.internal.engine.DefaultClockProvider as ValidatorFactory-scoped clock provider.
2019-04-15 09:06:26.279 DEBUG --- [ValidatorFactoryImpl.java:582][restartedMain] - HV000234: Using org.hibernate.validator.internal.engine.scripting.DefaultScriptEvaluatorFactory as ValidatorFactory-scoped script evaluator factory.
2019-04-15 09:06:27.145 INFO  --- [StartupInfoLogger.java:59][restartedMain] - Started MyApplication in 5.54 seconds (JVM running for 17.561)
2019-04-15 09:06:40.520 ERROR --- [DirectJDKLog.java:180][http-nio-8090-exec-2] - An incompatible version [1.1.32] of the APR based Apache Tomcat Native library is installed, while Tomcat requires version [1.2.14]
2019-04-15 09:06:40.753 DEBUG --- [HikariConfig.java:1119][http-nio-8090-exec-2] - HikariPool-1 - configuration:
2019-04-15 09:06:40.755 DEBUG --- [HikariConfig.java:1151][http-nio-8090-exec-2] - allowPoolSuspension.............false
2019-04-15 09:06:40.755 DEBUG --- [HikariConfig.java:1151][http-nio-8090-exec-2] - autoCommit......................true
2019-04-15 09:06:40.756 DEBUG --- [HikariConfig.java:1151][http-nio-8090-exec-2] - catalog.........................none
2019-04-15 09:06:40.756 DEBUG --- [HikariConfig.java:1151][http-nio-8090-exec-2] - connectionInitSql...............none
2019-04-15 09:06:40.756 DEBUG --- [HikariConfig.java:1151][http-nio-8090-exec-2] - connectionTestQuery.............none
2019-04-15 09:06:40.756 DEBUG --- [HikariConfig.java:1151][http-nio-8090-exec-2] - connectionTimeout...............30000
2019-04-15 09:06:40.756 DEBUG --- [HikariConfig.java:1151][http-nio-8090-exec-2] - dataSource......................none
2019-04-15 09:06:40.756 DEBUG --- [HikariConfig.java:1151][http-nio-8090-exec-2] - dataSourceClassName.............none
2019-04-15 09:06:40.757 DEBUG --- [HikariConfig.java:1151][http-nio-8090-exec-2] - dataSourceJNDI..................none
2019-04-15 09:06:40.757 DEBUG --- [HikariConfig.java:1151][http-nio-8090-exec-2] - dataSourceProperties............{password=<masked>}
2019-04-15 09:06:40.757 DEBUG --- [HikariConfig.java:1151][http-nio-8090-exec-2] - driverClassName................."com.mysql.jdbc.Driver"
2019-04-15 09:06:40.758 DEBUG --- [HikariConfig.java:1151][http-nio-8090-exec-2] - healthCheckProperties...........{}
2019-04-15 09:06:40.758 DEBUG --- [HikariConfig.java:1151][http-nio-8090-exec-2] - healthCheckRegistry.............none
2019-04-15 09:06:40.758 DEBUG --- [HikariConfig.java:1151][http-nio-8090-exec-2] - idleTimeout.....................600000
2019-04-15 09:06:40.758 DEBUG --- [HikariConfig.java:1151][http-nio-8090-exec-2] - initializationFailFast..........true
2019-04-15 09:06:40.758 DEBUG --- [HikariConfig.java:1151][http-nio-8090-exec-2] - initializationFailTimeout.......1
2019-04-15 09:06:40.759 DEBUG --- [HikariConfig.java:1151][http-nio-8090-exec-2] - isolateInternalQueries..........false
2019-04-15 09:06:40.759 DEBUG --- [HikariConfig.java:1151][http-nio-8090-exec-2] - jdbc4ConnectionTest.............false
2019-04-15 09:06:40.760 DEBUG --- [HikariConfig.java:1151][http-nio-8090-exec-2] - jdbcUrl.........................jdbc:mysql://127.0.0.1:3306/shrekdata?useUnicode=true&characterEncoding=UTF-8&allowMultiQueries=true&
2019-04-15 09:06:40.760 DEBUG --- [HikariConfig.java:1151][http-nio-8090-exec-2] - leakDetectionThreshold..........0
2019-04-15 09:06:40.761 DEBUG --- [HikariConfig.java:1151][http-nio-8090-exec-2] - maxLifetime.....................1800000
2019-04-15 09:06:40.762 DEBUG --- [HikariConfig.java:1151][http-nio-8090-exec-2] - maximumPoolSize.................10
2019-04-15 09:06:40.763 DEBUG --- [HikariConfig.java:1151][http-nio-8090-exec-2] - metricRegistry..................none
2019-04-15 09:06:40.765 DEBUG --- [HikariConfig.java:1151][http-nio-8090-exec-2] - metricsTrackerFactory...........none
2019-04-15 09:06:40.765 DEBUG --- [HikariConfig.java:1151][http-nio-8090-exec-2] - minimumIdle.....................10
2019-04-15 09:06:40.765 DEBUG --- [HikariConfig.java:1151][http-nio-8090-exec-2] - password........................<masked>
2019-04-15 09:06:40.766 DEBUG --- [HikariConfig.java:1151][http-nio-8090-exec-2] - poolName........................"HikariPool-1"
2019-04-15 09:06:40.766 DEBUG --- [HikariConfig.java:1151][http-nio-8090-exec-2] - readOnly........................false
2019-04-15 09:06:40.766 DEBUG --- [HikariConfig.java:1151][http-nio-8090-exec-2] - registerMbeans..................false
2019-04-15 09:06:40.766 DEBUG --- [HikariConfig.java:1151][http-nio-8090-exec-2] - scheduledExecutor...............none
2019-04-15 09:06:40.766 DEBUG --- [HikariConfig.java:1151][http-nio-8090-exec-2] - scheduledExecutorService........internal
2019-04-15 09:06:40.767 DEBUG --- [HikariConfig.java:1151][http-nio-8090-exec-2] - schema..........................none
2019-04-15 09:06:40.767 DEBUG --- [HikariConfig.java:1151][http-nio-8090-exec-2] - threadFactory...................internal
2019-04-15 09:06:40.767 DEBUG --- [HikariConfig.java:1151][http-nio-8090-exec-2] - transactionIsolation............default
2019-04-15 09:06:40.767 DEBUG --- [HikariConfig.java:1151][http-nio-8090-exec-2] - username........................"root"
2019-04-15 09:06:40.768 DEBUG --- [HikariConfig.java:1151][http-nio-8090-exec-2] - validationTimeout...............5000
2019-04-15 09:06:40.768 INFO  --- [HikariDataSource.java:110][http-nio-8090-exec-2] - HikariPool-1 - Starting...
2019-04-15 09:06:41.027 DEBUG --- [HikariPool.java:538][http-nio-8090-exec-2] - HikariPool-1 - Added connection com.mysql.jdbc.JDBC4Connection@1ed62811
2019-04-15 09:06:41.033 INFO  --- [HikariDataSource.java:123][http-nio-8090-exec-2] - HikariPool-1 - Start completed.
2019-04-15 09:06:41.042 DEBUG --- [BaseJdbcLogger.java:159][http-nio-8090-exec-2] - ==>  Preparing: SELECT u.id userId, u.username username, u.password password, u.nickname nickName, u.acatar acatar, u.org_pk orgPk FROM sys_user u WHERE u.username = ? AND u.password = ? AND u.delete_status='1' 
2019-04-15 09:06:41.069 DEBUG --- [BaseJdbcLogger.java:159][http-nio-8090-exec-2] - ==> Parameters: admin(String), 123456(String)
2019-04-15 09:06:41.091 DEBUG --- [BaseJdbcLogger.java:159][http-nio-8090-exec-2] - <==      Total: 0
2019-04-15 09:06:41.135 DEBUG --- [HikariPool.java:404][HikariPool-1 housekeeper] - HikariPool-1 - Pool stats (total=1, active=0, idle=1, waiting=0)
2019-04-15 09:06:41.140 DEBUG --- [HikariPool.java:702][HikariPool-1 connection adder] - HikariPool-1 - Added connection com.mysql.jdbc.JDBC4Connection@37d790d
2019-04-15 09:06:41.146 DEBUG --- [HikariPool.java:702][HikariPool-1 connection adder] - HikariPool-1 - Added connection com.mysql.jdbc.JDBC4Connection@77f3219f
2019-04-15 09:06:41.153 DEBUG --- [HikariPool.java:702][HikariPool-1 connection adder] - HikariPool-1 - Added connection com.mysql.jdbc.JDBC4Connection@6f349bcc
2019-04-15 09:06:41.156 DEBUG --- [HikariPool.java:702][HikariPool-1 connection adder] - HikariPool-1 - Added connection com.mysql.jdbc.JDBC4Connection@efac398
2019-04-15 09:06:41.160 DEBUG --- [HikariPool.java:702][HikariPool-1 connection adder] - HikariPool-1 - Added connection com.mysql.jdbc.JDBC4Connection@45fbdbc1
2019-04-15 09:06:41.169 DEBUG --- [HikariPool.java:702][HikariPool-1 connection adder] - HikariPool-1 - Added connection com.mysql.jdbc.JDBC4Connection@15aba84a
2019-04-15 09:06:41.174 DEBUG --- [HikariPool.java:702][HikariPool-1 connection adder] - HikariPool-1 - Added connection com.mysql.jdbc.JDBC4Connection@5a84525
2019-04-15 09:06:41.181 DEBUG --- [HikariPool.java:702][HikariPool-1 connection adder] - HikariPool-1 - Added connection com.mysql.jdbc.JDBC4Connection@163d628
2019-04-15 09:06:41.185 DEBUG --- [HikariPool.java:702][HikariPool-1 connection adder] - HikariPool-1 - Added connection com.mysql.jdbc.JDBC4Connection@33ed8588
2019-04-15 09:06:41.185 DEBUG --- [HikariPool.java:404][HikariPool-1 connection adder] - HikariPool-1 - After adding stats (total=10, active=0, idle=10, waiting=0)
2019-04-15 09:06:46.043 DEBUG --- [BaseJdbcLogger.java:159][http-nio-8090-exec-1] - ==>  Preparing: SELECT u.id userId, u.username username, u.password password, u.nickname nickName, u.acatar acatar, u.org_pk orgPk FROM sys_user u WHERE u.username = ? AND u.password = ? AND u.delete_status='1' 
2019-04-15 09:06:46.050 DEBUG --- [BaseJdbcLogger.java:159][http-nio-8090-exec-1] - ==> Parameters: admin(String), 123456(String)
2019-04-15 09:06:46.056 DEBUG --- [BaseJdbcLogger.java:159][http-nio-8090-exec-1] - <==      Total: 0
2019-04-15 09:06:50.982 DEBUG --- [BaseJdbcLogger.java:159][http-nio-8090-exec-3] - ==>  Preparing: SELECT u.id userId, u.username username, u.password password, u.nickname nickName, u.acatar acatar, u.org_pk orgPk FROM sys_user u WHERE u.username = ? AND u.password = ? AND u.delete_status='1' 
2019-04-15 09:06:50.986 DEBUG --- [BaseJdbcLogger.java:159][http-nio-8090-exec-3] - ==> Parameters: admin(String), 123456(String)
2019-04-15 09:06:50.990 DEBUG --- [BaseJdbcLogger.java:159][http-nio-8090-exec-3] - <==      Total: 0
2019-04-15 09:07:11.138 DEBUG --- [HikariPool.java:404][HikariPool-1 housekeeper] - HikariPool-1 - Pool stats (total=10, active=0, idle=10, waiting=0)
2019-04-15 09:07:41.140 DEBUG --- [HikariPool.java:404][HikariPool-1 housekeeper] - HikariPool-1 - Pool stats (total=10, active=0, idle=10, waiting=0)
2019-04-15 09:08:04.699 DEBUG --- [BaseJdbcLogger.java:159][http-nio-8090-exec-4] - ==>  Preparing: SELECT u.id userId, u.username username, u.password password, u.nickname nickName, u.acatar acatar, u.org_pk orgPk FROM sys_user u WHERE u.username = ? AND u.password = ? AND u.delete_status='1' 
2019-04-15 09:08:04.699 DEBUG --- [BaseJdbcLogger.java:159][http-nio-8090-exec-4] - ==> Parameters: admin(String), 11111111(String)
2019-04-15 09:08:04.703 DEBUG --- [BaseJdbcLogger.java:159][http-nio-8090-exec-4] - <==      Total: 0
2019-04-15 09:08:08.920 DEBUG --- [BaseJdbcLogger.java:159][http-nio-8090-exec-5] - ==>  Preparing: SELECT u.id userId, u.username username, u.password password, u.nickname nickName, u.acatar acatar, u.org_pk orgPk FROM sys_user u WHERE u.username = ? AND u.password = ? AND u.delete_status='1' 
2019-04-15 09:08:08.921 DEBUG --- [BaseJdbcLogger.java:159][http-nio-8090-exec-5] - ==> Parameters: admin(String), 1111111(String)
2019-04-15 09:08:08.925 DEBUG --- [BaseJdbcLogger.java:159][http-nio-8090-exec-5] - <==      Total: 1
2019-04-15 09:08:09.297 DEBUG --- [BaseJdbcLogger.java:159][http-nio-8090-exec-7] - ==>  Preparing: SELECT u.id userId, u.nickname nickname, u.role_id roleId, u.acatar acatar, r.role_name roleName, p.menu_code menuCode, p.permission_code permissionCode FROM sys_user u LEFT JOIN sys_role r ON r.id = u.role_id LEFT JOIN sys_role_permission rp ON u.role_id = rp.role_id LEFT JOIN sys_permission p ON rp.permission_id = p.id AND rp.delete_status='1' WHERE u.username = ? AND u.delete_status='1' 
2019-04-15 09:08:09.297 DEBUG --- [BaseJdbcLogger.java:159][http-nio-8090-exec-7] - ==> Parameters: admin(String)
2019-04-15 09:08:09.302 DEBUG --- [BaseJdbcLogger.java:159][http-nio-8090-exec-7] - <==      Total: 1
2019-04-15 09:08:09.334 DEBUG --- [BaseJdbcLogger.java:159][http-nio-8090-exec-7] - ==>  Preparing: SELECT p.menu_code menuCode FROM sys_permission p ORDER BY p.id 
2019-04-15 09:08:09.338 DEBUG --- [BaseJdbcLogger.java:159][http-nio-8090-exec-7] - ==> Parameters: 
2019-04-15 09:08:09.348 DEBUG --- [BaseJdbcLogger.java:159][http-nio-8090-exec-7] - <==      Total: 13
2019-04-15 09:08:09.356 DEBUG --- [BaseJdbcLogger.java:159][http-nio-8090-exec-7] - ==>  Preparing: SELECT p.permission_code permissionCode FROM sys_permission p ORDER BY p.id 
2019-04-15 09:08:09.360 DEBUG --- [BaseJdbcLogger.java:159][http-nio-8090-exec-7] - ==> Parameters: 
2019-04-15 09:08:09.361 DEBUG --- [BaseJdbcLogger.java:159][http-nio-8090-exec-7] - <==      Total: 13
2019-04-15 09:08:11.142 DEBUG --- [HikariPool.java:404][HikariPool-1 housekeeper] - HikariPool-1 - Pool stats (total=10, active=0, idle=10, waiting=0)
2019-04-15 09:08:41.144 DEBUG --- [HikariPool.java:404][HikariPool-1 housekeeper] - HikariPool-1 - Pool stats (total=10, active=0, idle=10, waiting=0)
2019-04-15 09:08:50.249 DEBUG --- [BaseJdbcLogger.java:159][http-nio-8090-exec-6] - ==>  Preparing: SELECT u.id userId, u.nickname nickname, u.role_id roleId, u.acatar acatar, r.role_name roleName, p.menu_code menuCode, p.permission_code permissionCode FROM sys_user u LEFT JOIN sys_role r ON r.id = u.role_id LEFT JOIN sys_role_permission rp ON u.role_id = rp.role_id LEFT JOIN sys_permission p ON rp.permission_id = p.id AND rp.delete_status='1' WHERE u.username = ? AND u.delete_status='1' 
2019-04-15 09:08:50.250 DEBUG --- [BaseJdbcLogger.java:159][http-nio-8090-exec-6] - ==> Parameters: admin(String)
2019-04-15 09:08:50.252 DEBUG --- [BaseJdbcLogger.java:159][http-nio-8090-exec-6] - <==      Total: 1
2019-04-15 09:08:50.254 DEBUG --- [BaseJdbcLogger.java:159][http-nio-8090-exec-6] - ==>  Preparing: SELECT p.menu_code menuCode FROM sys_permission p ORDER BY p.id 
2019-04-15 09:08:50.255 DEBUG --- [BaseJdbcLogger.java:159][http-nio-8090-exec-6] - ==> Parameters: 
2019-04-15 09:08:50.256 DEBUG --- [BaseJdbcLogger.java:159][http-nio-8090-exec-6] - <==      Total: 13
2019-04-15 09:08:50.258 DEBUG --- [BaseJdbcLogger.java:159][http-nio-8090-exec-6] - ==>  Preparing: SELECT p.permission_code permissionCode FROM sys_permission p ORDER BY p.id 
2019-04-15 09:08:50.259 DEBUG --- [BaseJdbcLogger.java:159][http-nio-8090-exec-6] - ==> Parameters: 
2019-04-15 09:08:50.260 DEBUG --- [BaseJdbcLogger.java:159][http-nio-8090-exec-6] - <==      Total: 13
2019-04-15 09:08:53.986 DEBUG --- [BaseJdbcLogger.java:159][http-nio-8090-exec-10] - ==>  Preparing: select table_name tableName, engine, table_comment tableComment, create_time createTime from information_schema.tables where table_schema = (select database()) 
2019-04-15 09:08:53.986 DEBUG --- [BaseJdbcLogger.java:159][http-nio-8090-exec-10] - ==> Parameters: 
2019-04-15 09:08:53.995 DEBUG --- [BaseJdbcLogger.java:159][http-nio-8090-exec-10] - <==      Total: 13
2019-04-15 09:09:11.145 DEBUG --- [HikariPool.java:404][HikariPool-1 housekeeper] - HikariPool-1 - Pool stats (total=10, active=0, idle=10, waiting=0)
2019-04-15 09:09:41.148 DEBUG --- [HikariPool.java:404][HikariPool-1 housekeeper] - HikariPool-1 - Pool stats (total=10, active=0, idle=10, waiting=0)
2019-04-15 09:10:11.149 DEBUG --- [HikariPool.java:404][HikariPool-1 housekeeper] - HikariPool-1 - Pool stats (total=10, active=0, idle=10, waiting=0)
2019-04-15 09:10:41.152 DEBUG --- [HikariPool.java:404][HikariPool-1 housekeeper] - HikariPool-1 - Pool stats (total=10, active=0, idle=10, waiting=0)
2019-04-15 09:11:11.154 DEBUG --- [HikariPool.java:404][HikariPool-1 housekeeper] - HikariPool-1 - Pool stats (total=10, active=0, idle=10, waiting=0)
2019-04-15 09:11:41.157 DEBUG --- [HikariPool.java:404][HikariPool-1 housekeeper] - HikariPool-1 - Pool stats (total=10, active=0, idle=10, waiting=0)
2019-04-15 09:12:11.159 DEBUG --- [HikariPool.java:404][HikariPool-1 housekeeper] - HikariPool-1 - Pool stats (total=10, active=0, idle=10, waiting=0)
2019-04-15 09:12:41.161 DEBUG --- [HikariPool.java:404][HikariPool-1 housekeeper] - HikariPool-1 - Pool stats (total=10, active=0, idle=10, waiting=0)
2019-04-15 09:13:11.163 DEBUG --- [HikariPool.java:404][HikariPool-1 housekeeper] - HikariPool-1 - Pool stats (total=10, active=0, idle=10, waiting=0)
2019-04-15 09:13:41.165 DEBUG --- [HikariPool.java:404][HikariPool-1 housekeeper] - HikariPool-1 - Pool stats (total=10, active=0, idle=10, waiting=0)
2019-04-15 09:14:11.168 DEBUG --- [HikariPool.java:404][HikariPool-1 housekeeper] - HikariPool-1 - Pool stats (total=10, active=0, idle=10, waiting=0)
2019-04-15 09:14:41.168 DEBUG --- [HikariPool.java:404][HikariPool-1 housekeeper] - HikariPool-1 - Pool stats (total=10, active=0, idle=10, waiting=0)
2019-04-15 09:15:11.170 DEBUG --- [HikariPool.java:404][HikariPool-1 housekeeper] - HikariPool-1 - Pool stats (total=10, active=0, idle=10, waiting=0)
2019-04-15 09:15:41.171 DEBUG --- [HikariPool.java:404][HikariPool-1 housekeeper] - HikariPool-1 - Pool stats (total=10, active=0, idle=10, waiting=0)
2019-04-15 09:16:11.173 DEBUG --- [HikariPool.java:404][HikariPool-1 housekeeper] - HikariPool-1 - Pool stats (total=10, active=0, idle=10, waiting=0)
2019-04-15 09:16:41.175 DEBUG --- [HikariPool.java:404][HikariPool-1 housekeeper] - HikariPool-1 - Pool stats (total=10, active=0, idle=10, waiting=0)
2019-04-15 09:17:11.177 DEBUG --- [HikariPool.java:404][HikariPool-1 housekeeper] - HikariPool-1 - Pool stats (total=10, active=0, idle=10, waiting=0)
2019-04-15 09:17:41.179 DEBUG --- [HikariPool.java:404][HikariPool-1 housekeeper] - HikariPool-1 - Pool stats (total=10, active=0, idle=10, waiting=0)
2019-04-15 09:18:11.181 DEBUG --- [HikariPool.java:404][HikariPool-1 housekeeper] - HikariPool-1 - Pool stats (total=10, active=0, idle=10, waiting=0)
2019-04-15 09:18:41.183 DEBUG --- [HikariPool.java:404][HikariPool-1 housekeeper] - HikariPool-1 - Pool stats (total=10, active=0, idle=10, waiting=0)
2019-04-15 09:19:11.184 DEBUG --- [HikariPool.java:404][HikariPool-1 housekeeper] - HikariPool-1 - Pool stats (total=10, active=0, idle=10, waiting=0)
2019-04-15 09:19:41.186 DEBUG --- [HikariPool.java:404][HikariPool-1 housekeeper] - HikariPool-1 - Pool stats (total=10, active=0, idle=10, waiting=0)
2019-04-15 09:20:11.188 DEBUG --- [HikariPool.java:404][HikariPool-1 housekeeper] - HikariPool-1 - Pool stats (total=10, active=0, idle=10, waiting=0)
2019-04-15 09:20:41.190 DEBUG --- [HikariPool.java:404][HikariPool-1 housekeeper] - HikariPool-1 - Pool stats (total=10, active=0, idle=10, waiting=0)
2019-04-15 09:21:11.192 DEBUG --- [HikariPool.java:404][HikariPool-1 housekeeper] - HikariPool-1 - Pool stats (total=10, active=0, idle=10, waiting=0)
2019-04-15 09:21:41.193 DEBUG --- [HikariPool.java:404][HikariPool-1 housekeeper] - HikariPool-1 - Pool stats (total=10, active=0, idle=10, waiting=0)
2019-04-15 09:22:11.195 DEBUG --- [HikariPool.java:404][HikariPool-1 housekeeper] - HikariPool-1 - Pool stats (total=10, active=0, idle=10, waiting=0)
2019-04-15 09:22:41.197 DEBUG --- [HikariPool.java:404][HikariPool-1 housekeeper] - HikariPool-1 - Pool stats (total=10, active=0, idle=10, waiting=0)
2019-04-15 09:23:11.199 DEBUG --- [HikariPool.java:404][HikariPool-1 housekeeper] - HikariPool-1 - Pool stats (total=10, active=0, idle=10, waiting=0)
2019-04-15 09:23:41.200 DEBUG --- [HikariPool.java:404][HikariPool-1 housekeeper] - HikariPool-1 - Pool stats (total=10, active=0, idle=10, waiting=0)
2019-04-15 09:24:11.202 DEBUG --- [HikariPool.java:404][HikariPool-1 housekeeper] - HikariPool-1 - Pool stats (total=10, active=0, idle=10, waiting=0)
2019-04-15 09:24:41.203 DEBUG --- [HikariPool.java:404][HikariPool-1 housekeeper] - HikariPool-1 - Pool stats (total=10, active=0, idle=10, waiting=0)
2019-04-15 09:25:11.205 DEBUG --- [HikariPool.java:404][HikariPool-1 housekeeper] - HikariPool-1 - Pool stats (total=10, active=0, idle=10, waiting=0)
2019-04-15 09:25:41.207 DEBUG --- [HikariPool.java:404][HikariPool-1 housekeeper] - HikariPool-1 - Pool stats (total=10, active=0, idle=10, waiting=0)
2019-04-15 09:26:11.208 DEBUG --- [HikariPool.java:404][HikariPool-1 housekeeper] - HikariPool-1 - Pool stats (total=10, active=0, idle=10, waiting=0)
2019-04-15 09:26:41.209 DEBUG --- [HikariPool.java:404][HikariPool-1 housekeeper] - HikariPool-1 - Pool stats (total=10, active=0, idle=10, waiting=0)
2019-04-15 09:27:11.212 DEBUG --- [HikariPool.java:404][HikariPool-1 housekeeper] - HikariPool-1 - Pool stats (total=10, active=0, idle=10, waiting=0)
2019-04-15 09:27:41.214 DEBUG --- [HikariPool.java:404][HikariPool-1 housekeeper] - HikariPool-1 - Pool stats (total=10, active=0, idle=10, waiting=0)
2019-04-15 09:28:11.216 DEBUG --- [HikariPool.java:404][HikariPool-1 housekeeper] - HikariPool-1 - Pool stats (total=10, active=0, idle=10, waiting=0)
2019-04-15 09:28:41.219 DEBUG --- [HikariPool.java:404][HikariPool-1 housekeeper] - HikariPool-1 - Pool stats (total=10, active=0, idle=10, waiting=0)
2019-04-15 09:29:11.221 DEBUG --- [HikariPool.java:404][HikariPool-1 housekeeper] - HikariPool-1 - Pool stats (total=10, active=0, idle=10, waiting=0)
2019-04-15 09:29:41.222 DEBUG --- [HikariPool.java:404][HikariPool-1 housekeeper] - HikariPool-1 - Pool stats (total=10, active=0, idle=10, waiting=0)
2019-04-15 09:30:11.225 DEBUG --- [HikariPool.java:404][HikariPool-1 housekeeper] - HikariPool-1 - Pool stats (total=10, active=0, idle=10, waiting=0)
2019-04-15 09:30:41.226 DEBUG --- [HikariPool.java:404][HikariPool-1 housekeeper] - HikariPool-1 - Pool stats (total=10, active=0, idle=10, waiting=0)
2019-04-15 09:31:11.227 DEBUG --- [HikariPool.java:404][HikariPool-1 housekeeper] - HikariPool-1 - Pool stats (total=10, active=0, idle=10, waiting=0)
2019-04-15 09:31:41.229 DEBUG --- [HikariPool.java:404][HikariPool-1 housekeeper] - HikariPool-1 - Pool stats (total=10, active=0, idle=10, waiting=0)
2019-04-15 09:32:11.231 DEBUG --- [HikariPool.java:404][HikariPool-1 housekeeper] - HikariPool-1 - Pool stats (total=10, active=0, idle=10, waiting=0)
2019-04-15 09:32:41.233 DEBUG --- [HikariPool.java:404][HikariPool-1 housekeeper] - HikariPool-1 - Pool stats (total=10, active=0, idle=10, waiting=0)
2019-04-15 09:33:11.235 DEBUG --- [HikariPool.java:404][HikariPool-1 housekeeper] - HikariPool-1 - Pool stats (total=10, active=0, idle=10, waiting=0)
2019-04-15 09:33:41.237 DEBUG --- [HikariPool.java:404][HikariPool-1 housekeeper] - HikariPool-1 - Pool stats (total=10, active=0, idle=10, waiting=0)
2019-04-15 09:34:11.239 DEBUG --- [HikariPool.java:404][HikariPool-1 housekeeper] - HikariPool-1 - Pool stats (total=10, active=0, idle=10, waiting=0)
2019-04-15 09:34:41.243 DEBUG --- [HikariPool.java:404][HikariPool-1 housekeeper] - HikariPool-1 - Pool stats (total=10, active=0, idle=10, waiting=0)
2019-04-15 09:35:11.245 DEBUG --- [HikariPool.java:404][HikariPool-1 housekeeper] - HikariPool-1 - Pool stats (total=10, active=0, idle=10, waiting=0)
2019-04-15 09:35:41.247 DEBUG --- [HikariPool.java:404][HikariPool-1 housekeeper] - HikariPool-1 - Pool stats (total=10, active=0, idle=10, waiting=0)
2019-04-15 09:35:56.159 DEBUG --- [PoolBase.java:127][HikariPool-1 connection closer] - HikariPool-1 - Closing connection com.mysql.jdbc.JDBC4Connection@37d790d: (connection has passed maxLifetime)
2019-04-15 09:35:56.194 DEBUG --- [HikariPool.java:702][HikariPool-1 connection adder] - HikariPool-1 - Added connection com.mysql.jdbc.JDBC4Connection@2fb991b4
2019-04-15 09:35:57.979 DEBUG --- [PoolBase.java:127][HikariPool-1 connection closer] - HikariPool-1 - Closing connection com.mysql.jdbc.JDBC4Connection@45fbdbc1: (connection has passed maxLifetime)
2019-04-15 09:35:57.987 DEBUG --- [HikariPool.java:702][HikariPool-1 connection adder] - HikariPool-1 - Added connection com.mysql.jdbc.JDBC4Connection@5b1b2492
2019-04-15 09:36:00.821 DEBUG --- [PoolBase.java:127][HikariPool-1 connection closer] - HikariPool-1 - Closing connection com.mysql.jdbc.JDBC4Connection@efac398: (connection has passed maxLifetime)
2019-04-15 09:36:00.843 DEBUG --- [HikariPool.java:702][HikariPool-1 connection adder] - HikariPool-1 - Added connection com.mysql.jdbc.JDBC4Connection@78b30b7e
2019-04-15 09:36:11.249 DEBUG --- [HikariPool.java:404][HikariPool-1 housekeeper] - HikariPool-1 - Pool stats (total=10, active=0, idle=10, waiting=0)
2019-04-15 09:36:15.106 DEBUG --- [PoolBase.java:127][HikariPool-1 connection closer] - HikariPool-1 - Closing connection com.mysql.jdbc.JDBC4Connection@5a84525: (connection has passed maxLifetime)
2019-04-15 09:36:15.130 DEBUG --- [HikariPool.java:702][HikariPool-1 connection adder] - HikariPool-1 - Added connection com.mysql.jdbc.JDBC4Connection@787df1d7
2019-04-15 09:36:15.515 DEBUG --- [PoolBase.java:127][HikariPool-1 connection closer] - HikariPool-1 - Closing connection com.mysql.jdbc.JDBC4Connection@6f349bcc: (connection has passed maxLifetime)
2019-04-15 09:36:15.528 DEBUG --- [HikariPool.java:702][HikariPool-1 connection adder] - HikariPool-1 - Added connection com.mysql.jdbc.JDBC4Connection@c88ddad
2019-04-15 09:36:16.212 DEBUG --- [PoolBase.java:127][HikariPool-1 connection closer] - HikariPool-1 - Closing connection com.mysql.jdbc.JDBC4Connection@33ed8588: (connection has passed maxLifetime)
2019-04-15 09:36:16.230 DEBUG --- [HikariPool.java:702][HikariPool-1 connection adder] - HikariPool-1 - Added connection com.mysql.jdbc.JDBC4Connection@680ef3
2019-04-15 09:36:16.650 DEBUG --- [PoolBase.java:127][HikariPool-1 connection closer] - HikariPool-1 - Closing connection com.mysql.jdbc.JDBC4Connection@77f3219f: (connection has passed maxLifetime)
2019-04-15 09:36:16.653 DEBUG --- [HikariPool.java:702][HikariPool-1 connection adder] - HikariPool-1 - Added connection com.mysql.jdbc.JDBC4Connection@6db74d9c
2019-04-15 09:36:22.317 DEBUG --- [PoolBase.java:127][HikariPool-1 connection closer] - HikariPool-1 - Closing connection com.mysql.jdbc.JDBC4Connection@163d628: (connection has passed maxLifetime)
2019-04-15 09:36:22.320 DEBUG --- [HikariPool.java:702][HikariPool-1 connection adder] - HikariPool-1 - Added connection com.mysql.jdbc.JDBC4Connection@52439731
2019-04-15 09:36:37.125 DEBUG --- [PoolBase.java:127][HikariPool-1 connection closer] - HikariPool-1 - Closing connection com.mysql.jdbc.JDBC4Connection@1ed62811: (connection has passed maxLifetime)
2019-04-15 09:36:37.127 DEBUG --- [HikariPool.java:702][HikariPool-1 connection adder] - HikariPool-1 - Added connection com.mysql.jdbc.JDBC4Connection@4835c191
2019-04-15 09:36:39.464 DEBUG --- [PoolBase.java:127][HikariPool-1 connection closer] - HikariPool-1 - Closing connection com.mysql.jdbc.JDBC4Connection@15aba84a: (connection has passed maxLifetime)
2019-04-15 09:36:39.476 DEBUG --- [HikariPool.java:702][HikariPool-1 connection adder] - HikariPool-1 - Added connection com.mysql.jdbc.JDBC4Connection@3c700b92
2019-04-15 09:36:41.251 DEBUG --- [HikariPool.java:404][HikariPool-1 housekeeper] - HikariPool-1 - Pool stats (total=10, active=0, idle=10, waiting=0)
2019-04-15 09:37:11.253 DEBUG --- [HikariPool.java:404][HikariPool-1 housekeeper] - HikariPool-1 - Pool stats (total=10, active=0, idle=10, waiting=0)
2019-04-15 09:37:41.255 DEBUG --- [HikariPool.java:404][HikariPool-1 housekeeper] - HikariPool-1 - Pool stats (total=10, active=0, idle=10, waiting=0)
2019-04-15 09:38:11.258 DEBUG --- [HikariPool.java:404][HikariPool-1 housekeeper] - HikariPool-1 - Pool stats (total=10, active=0, idle=10, waiting=0)
2019-04-15 09:38:41.260 DEBUG --- [HikariPool.java:404][HikariPool-1 housekeeper] - HikariPool-1 - Pool stats (total=10, active=0, idle=10, waiting=0)
2019-04-15 09:39:11.260 DEBUG --- [HikariPool.java:404][HikariPool-1 housekeeper] - HikariPool-1 - Pool stats (total=10, active=0, idle=10, waiting=0)
2019-04-15 09:39:41.262 DEBUG --- [HikariPool.java:404][HikariPool-1 housekeeper] - HikariPool-1 - Pool stats (total=10, active=0, idle=10, waiting=0)
2019-04-15 09:40:11.264 DEBUG --- [HikariPool.java:404][HikariPool-1 housekeeper] - HikariPool-1 - Pool stats (total=10, active=0, idle=10, waiting=0)
2019-04-15 09:40:41.266 DEBUG --- [HikariPool.java:404][HikariPool-1 housekeeper] - HikariPool-1 - Pool stats (total=10, active=0, idle=10, waiting=0)
2019-04-15 09:41:11.268 DEBUG --- [HikariPool.java:404][HikariPool-1 housekeeper] - HikariPool-1 - Pool stats (total=10, active=0, idle=10, waiting=0)
2019-04-15 09:41:41.268 DEBUG --- [HikariPool.java:404][HikariPool-1 housekeeper] - HikariPool-1 - Pool stats (total=10, active=0, idle=10, waiting=0)
2019-04-15 09:42:11.270 DEBUG --- [HikariPool.java:404][HikariPool-1 housekeeper] - HikariPool-1 - Pool stats (total=10, active=0, idle=10, waiting=0)
2019-04-15 09:42:41.272 DEBUG --- [HikariPool.java:404][HikariPool-1 housekeeper] - HikariPool-1 - Pool stats (total=10, active=0, idle=10, waiting=0)
2019-04-15 09:43:11.273 DEBUG --- [HikariPool.java:404][HikariPool-1 housekeeper] - HikariPool-1 - Pool stats (total=10, active=0, idle=10, waiting=0)
2019-04-15 09:43:41.274 DEBUG --- [HikariPool.java:404][HikariPool-1 housekeeper] - HikariPool-1 - Pool stats (total=10, active=0, idle=10, waiting=0)
2019-04-15 09:44:11.275 DEBUG --- [HikariPool.java:404][HikariPool-1 housekeeper] - HikariPool-1 - Pool stats (total=10, active=0, idle=10, waiting=0)
2019-04-15 09:44:41.277 DEBUG --- [HikariPool.java:404][HikariPool-1 housekeeper] - HikariPool-1 - Pool stats (total=10, active=0, idle=10, waiting=0)
2019-04-15 09:45:11.277 DEBUG --- [HikariPool.java:404][HikariPool-1 housekeeper] - HikariPool-1 - Pool stats (total=10, active=0, idle=10, waiting=0)
2019-04-15 09:45:41.279 DEBUG --- [HikariPool.java:404][HikariPool-1 housekeeper] - HikariPool-1 - Pool stats (total=10, active=0, idle=10, waiting=0)
2019-04-15 09:46:11.281 DEBUG --- [HikariPool.java:404][HikariPool-1 housekeeper] - HikariPool-1 - Pool stats (total=10, active=0, idle=10, waiting=0)
2019-04-15 09:46:41.282 DEBUG --- [HikariPool.java:404][HikariPool-1 housekeeper] - HikariPool-1 - Pool stats (total=10, active=0, idle=10, waiting=0)
2019-04-15 09:47:11.283 DEBUG --- [HikariPool.java:404][HikariPool-1 housekeeper] - HikariPool-1 - Pool stats (total=10, active=0, idle=10, waiting=0)
2019-04-15 09:47:41.284 DEBUG --- [HikariPool.java:404][HikariPool-1 housekeeper] - HikariPool-1 - Pool stats (total=10, active=0, idle=10, waiting=0)
2019-04-15 09:48:11.286 DEBUG --- [HikariPool.java:404][HikariPool-1 housekeeper] - HikariPool-1 - Pool stats (total=10, active=0, idle=10, waiting=0)
2019-04-15 09:48:41.286 DEBUG --- [HikariPool.java:404][HikariPool-1 housekeeper] - HikariPool-1 - Pool stats (total=10, active=0, idle=10, waiting=0)
2019-04-15 09:49:11.287 DEBUG --- [HikariPool.java:404][HikariPool-1 housekeeper] - HikariPool-1 - Pool stats (total=10, active=0, idle=10, waiting=0)
2019-04-15 09:49:41.289 DEBUG --- [HikariPool.java:404][HikariPool-1 housekeeper] - HikariPool-1 - Pool stats (total=10, active=0, idle=10, waiting=0)
2019-04-15 09:50:11.290 DEBUG --- [HikariPool.java:404][HikariPool-1 housekeeper] - HikariPool-1 - Pool stats (total=10, active=0, idle=10, waiting=0)
2019-04-15 09:50:41.292 DEBUG --- [HikariPool.java:404][HikariPool-1 housekeeper] - HikariPool-1 - Pool stats (total=10, active=0, idle=10, waiting=0)
2019-04-15 09:51:11.292 DEBUG --- [HikariPool.java:404][HikariPool-1 housekeeper] - HikariPool-1 - Pool stats (total=10, active=0, idle=10, waiting=0)
2019-04-15 09:51:41.294 DEBUG --- [HikariPool.java:404][HikariPool-1 housekeeper] - HikariPool-1 - Pool stats (total=10, active=0, idle=10, waiting=0)
2019-04-15 09:52:11.295 DEBUG --- [HikariPool.java:404][HikariPool-1 housekeeper] - HikariPool-1 - Pool stats (total=10, active=0, idle=10, waiting=0)
2019-04-15 09:52:41.297 DEBUG --- [HikariPool.java:404][HikariPool-1 housekeeper] - HikariPool-1 - Pool stats (total=10, active=0, idle=10, waiting=0)
2019-04-15 09:53:11.299 DEBUG --- [HikariPool.java:404][HikariPool-1 housekeeper] - HikariPool-1 - Pool stats (total=10, active=0, idle=10, waiting=0)
2019-04-15 09:53:41.300 DEBUG --- [HikariPool.java:404][HikariPool-1 housekeeper] - HikariPool-1 - Pool stats (total=10, active=0, idle=10, waiting=0)
2019-04-15 09:54:11.301 DEBUG --- [HikariPool.java:404][HikariPool-1 housekeeper] - HikariPool-1 - Pool stats (total=10, active=0, idle=10, waiting=0)
2019-04-15 09:54:41.303 DEBUG --- [HikariPool.java:404][HikariPool-1 housekeeper] - HikariPool-1 - Pool stats (total=10, active=0, idle=10, waiting=0)
2019-04-15 09:55:11.304 DEBUG --- [HikariPool.java:404][HikariPool-1 housekeeper] - HikariPool-1 - Pool stats (total=10, active=0, idle=10, waiting=0)
2019-04-15 09:55:41.307 DEBUG --- [HikariPool.java:404][HikariPool-1 housekeeper] - HikariPool-1 - Pool stats (total=10, active=0, idle=10, waiting=0)
2019-04-15 09:56:11.307 DEBUG --- [HikariPool.java:404][HikariPool-1 housekeeper] - HikariPool-1 - Pool stats (total=10, active=0, idle=10, waiting=0)
2019-04-15 09:56:41.309 DEBUG --- [HikariPool.java:404][HikariPool-1 housekeeper] - HikariPool-1 - Pool stats (total=10, active=0, idle=10, waiting=0)
2019-04-15 09:57:11.310 DEBUG --- [HikariPool.java:404][HikariPool-1 housekeeper] - HikariPool-1 - Pool stats (total=10, active=0, idle=10, waiting=0)
2019-04-15 09:57:41.311 DEBUG --- [HikariPool.java:404][HikariPool-1 housekeeper] - HikariPool-1 - Pool stats (total=10, active=0, idle=10, waiting=0)
2019-04-15 09:58:11.312 DEBUG --- [HikariPool.java:404][HikariPool-1 housekeeper] - HikariPool-1 - Pool stats (total=10, active=0, idle=10, waiting=0)
2019-04-15 09:58:41.313 DEBUG --- [HikariPool.java:404][HikariPool-1 housekeeper] - HikariPool-1 - Pool stats (total=10, active=0, idle=10, waiting=0)
2019-04-15 09:59:11.315 DEBUG --- [HikariPool.java:404][HikariPool-1 housekeeper] - HikariPool-1 - Pool stats (total=10, active=0, idle=10, waiting=0)
2019-04-15 09:59:41.315 DEBUG --- [HikariPool.java:404][HikariPool-1 housekeeper] - HikariPool-1 - Pool stats (total=10, active=0, idle=10, waiting=0)
2019-04-15 10:00:11.316 DEBUG --- [HikariPool.java:404][HikariPool-1 housekeeper] - HikariPool-1 - Pool stats (total=10, active=0, idle=10, waiting=0)
2019-04-15 10:00:41.317 DEBUG --- [HikariPool.java:404][HikariPool-1 housekeeper] - HikariPool-1 - Pool stats (total=10, active=0, idle=10, waiting=0)
2019-04-15 10:01:11.318 DEBUG --- [HikariPool.java:404][HikariPool-1 housekeeper] - HikariPool-1 - Pool stats (total=10, active=0, idle=10, waiting=0)
2019-04-15 10:01:41.319 DEBUG --- [HikariPool.java:404][HikariPool-1 housekeeper] - HikariPool-1 - Pool stats (total=10, active=0, idle=10, waiting=0)
2019-04-15 10:02:11.321 DEBUG --- [HikariPool.java:404][HikariPool-1 housekeeper] - HikariPool-1 - Pool stats (total=10, active=0, idle=10, waiting=0)
2019-04-15 10:02:41.321 DEBUG --- [HikariPool.java:404][HikariPool-1 housekeeper] - HikariPool-1 - Pool stats (total=10, active=0, idle=10, waiting=0)
2019-04-15 10:03:11.322 DEBUG --- [HikariPool.java:404][HikariPool-1 housekeeper] - HikariPool-1 - Pool stats (total=10, active=0, idle=10, waiting=0)
2019-04-15 10:03:41.323 DEBUG --- [HikariPool.java:404][HikariPool-1 housekeeper] - HikariPool-1 - Pool stats (total=10, active=0, idle=10, waiting=0)
2019-04-15 10:04:11.325 DEBUG --- [HikariPool.java:404][HikariPool-1 housekeeper] - HikariPool-1 - Pool stats (total=10, active=0, idle=10, waiting=0)
2019-04-15 10:04:41.325 DEBUG --- [HikariPool.java:404][HikariPool-1 housekeeper] - HikariPool-1 - Pool stats (total=10, active=0, idle=10, waiting=0)
2019-04-15 10:05:11.325 DEBUG --- [HikariPool.java:404][HikariPool-1 housekeeper] - HikariPool-1 - Pool stats (total=10, active=0, idle=10, waiting=0)
2019-04-15 10:05:14.057 DEBUG --- [PoolBase.java:127][HikariPool-1 connection closer] - HikariPool-1 - Closing connection com.mysql.jdbc.JDBC4Connection@5b1b2492: (connection has passed maxLifetime)
2019-04-15 10:05:14.061 DEBUG --- [HikariPool.java:702][HikariPool-1 connection adder] - HikariPool-1 - Added connection com.mysql.jdbc.JDBC4Connection@6d72444e
2019-04-15 10:05:29.539 DEBUG --- [PoolBase.java:127][HikariPool-1 connection closer] - HikariPool-1 - Closing connection com.mysql.jdbc.JDBC4Connection@2fb991b4: (connection has passed maxLifetime)
2019-04-15 10:05:29.542 DEBUG --- [HikariPool.java:702][HikariPool-1 connection adder] - HikariPool-1 - Added connection com.mysql.jdbc.JDBC4Connection@2e8b92bc
2019-04-15 10:05:36.739 DEBUG --- [PoolBase.java:127][HikariPool-1 connection closer] - HikariPool-1 - Closing connection com.mysql.jdbc.JDBC4Connection@78b30b7e: (connection has passed maxLifetime)
2019-04-15 10:05:36.742 DEBUG --- [HikariPool.java:702][HikariPool-1 connection adder] - HikariPool-1 - Added connection com.mysql.jdbc.JDBC4Connection@41c8e061
2019-04-15 10:05:41.327 DEBUG --- [HikariPool.java:404][HikariPool-1 housekeeper] - HikariPool-1 - Pool stats (total=10, active=0, idle=10, waiting=0)
2019-04-15 10:05:44.570 DEBUG --- [PoolBase.java:127][HikariPool-1 connection closer] - HikariPool-1 - Closing connection com.mysql.jdbc.JDBC4Connection@680ef3: (connection has passed maxLifetime)
2019-04-15 10:05:44.573 DEBUG --- [HikariPool.java:702][HikariPool-1 connection adder] - HikariPool-1 - Added connection com.mysql.jdbc.JDBC4Connection@31bf41a
2019-04-15 10:06:08.072 DEBUG --- [PoolBase.java:127][HikariPool-1 connection closer] - HikariPool-1 - Closing connection com.mysql.jdbc.JDBC4Connection@c88ddad: (connection has passed maxLifetime)
2019-04-15 10:06:08.075 DEBUG --- [HikariPool.java:702][HikariPool-1 connection adder] - HikariPool-1 - Added connection com.mysql.jdbc.JDBC4Connection@12a6ca7a
2019-04-15 10:06:08.435 DEBUG --- [PoolBase.java:127][HikariPool-1 connection closer] - HikariPool-1 - Closing connection com.mysql.jdbc.JDBC4Connection@6db74d9c: (connection has passed maxLifetime)
2019-04-15 10:06:08.438 DEBUG --- [HikariPool.java:702][HikariPool-1 connection adder] - HikariPool-1 - Added connection com.mysql.jdbc.JDBC4Connection@663942a3
2019-04-15 10:06:11.327 DEBUG --- [HikariPool.java:404][HikariPool-1 housekeeper] - HikariPool-1 - Pool stats (total=10, active=0, idle=10, waiting=0)
2019-04-15 10:06:13.378 DEBUG --- [PoolBase.java:127][HikariPool-1 connection closer] - HikariPool-1 - Closing connection com.mysql.jdbc.JDBC4Connection@52439731: (connection has passed maxLifetime)
2019-04-15 10:06:13.382 DEBUG --- [HikariPool.java:702][HikariPool-1 connection adder] - HikariPool-1 - Added connection com.mysql.jdbc.JDBC4Connection@720b2972
2019-04-15 10:06:14.644 DEBUG --- [PoolBase.java:127][HikariPool-1 connection closer] - HikariPool-1 - Closing connection com.mysql.jdbc.JDBC4Connection@787df1d7: (connection has passed maxLifetime)
2019-04-15 10:06:14.647 DEBUG --- [HikariPool.java:702][HikariPool-1 connection adder] - HikariPool-1 - Added connection com.mysql.jdbc.JDBC4Connection@33c5f237
2019-04-15 10:06:20.277 DEBUG --- [PoolBase.java:127][HikariPool-1 connection closer] - HikariPool-1 - Closing connection com.mysql.jdbc.JDBC4Connection@4835c191: (connection has passed maxLifetime)
2019-04-15 10:06:20.281 DEBUG --- [HikariPool.java:702][HikariPool-1 connection adder] - HikariPool-1 - Added connection com.mysql.jdbc.JDBC4Connection@6183ba2d
2019-04-15 10:06:22.051 DEBUG --- [PoolBase.java:127][HikariPool-1 connection closer] - HikariPool-1 - Closing connection com.mysql.jdbc.JDBC4Connection@3c700b92: (connection has passed maxLifetime)
2019-04-15 10:06:22.055 DEBUG --- [HikariPool.java:702][HikariPool-1 connection adder] - HikariPool-1 - Added connection com.mysql.jdbc.JDBC4Connection@156f6ac5
2019-04-15 10:06:41.328 DEBUG --- [HikariPool.java:404][HikariPool-1 housekeeper] - HikariPool-1 - Pool stats (total=10, active=0, idle=10, waiting=0)
2019-04-15 10:07:11.329 DEBUG --- [HikariPool.java:404][HikariPool-1 housekeeper] - HikariPool-1 - Pool stats (total=10, active=0, idle=10, waiting=0)
2019-04-15 10:07:41.331 DEBUG --- [HikariPool.java:404][HikariPool-1 housekeeper] - HikariPool-1 - Pool stats (total=10, active=0, idle=10, waiting=0)
2019-04-15 10:08:11.332 DEBUG --- [HikariPool.java:404][HikariPool-1 housekeeper] - HikariPool-1 - Pool stats (total=10, active=0, idle=10, waiting=0)
2019-04-15 10:08:41.333 DEBUG --- [HikariPool.java:404][HikariPool-1 housekeeper] - HikariPool-1 - Pool stats (total=10, active=0, idle=10, waiting=0)
2019-04-15 10:09:11.334 DEBUG --- [HikariPool.java:404][HikariPool-1 housekeeper] - HikariPool-1 - Pool stats (total=10, active=0, idle=10, waiting=0)
2019-04-15 10:09:41.335 DEBUG --- [HikariPool.java:404][HikariPool-1 housekeeper] - HikariPool-1 - Pool stats (total=10, active=0, idle=10, waiting=0)
2019-04-15 10:10:11.336 DEBUG --- [HikariPool.java:404][HikariPool-1 housekeeper] - HikariPool-1 - Pool stats (total=10, active=0, idle=10, waiting=0)
2019-04-15 10:10:41.337 DEBUG --- [HikariPool.java:404][HikariPool-1 housekeeper] - HikariPool-1 - Pool stats (total=10, active=0, idle=10, waiting=0)
2019-04-15 10:11:11.339 DEBUG --- [HikariPool.java:404][HikariPool-1 housekeeper] - HikariPool-1 - Pool stats (total=10, active=0, idle=10, waiting=0)
2019-04-15 10:11:41.340 DEBUG --- [HikariPool.java:404][HikariPool-1 housekeeper] - HikariPool-1 - Pool stats (total=10, active=0, idle=10, waiting=0)
2019-04-15 10:12:11.341 DEBUG --- [HikariPool.java:404][HikariPool-1 housekeeper] - HikariPool-1 - Pool stats (total=10, active=0, idle=10, waiting=0)
2019-04-15 10:12:41.342 DEBUG --- [HikariPool.java:404][HikariPool-1 housekeeper] - HikariPool-1 - Pool stats (total=10, active=0, idle=10, waiting=0)
2019-04-15 10:13:11.343 DEBUG --- [HikariPool.java:404][HikariPool-1 housekeeper] - HikariPool-1 - Pool stats (total=10, active=0, idle=10, waiting=0)
2019-04-15 10:13:41.343 DEBUG --- [HikariPool.java:404][HikariPool-1 housekeeper] - HikariPool-1 - Pool stats (total=10, active=0, idle=10, waiting=0)
2019-04-15 10:14:11.344 DEBUG --- [HikariPool.java:404][HikariPool-1 housekeeper] - HikariPool-1 - Pool stats (total=10, active=0, idle=10, waiting=0)
2019-04-15 10:14:41.345 DEBUG --- [HikariPool.java:404][HikariPool-1 housekeeper] - HikariPool-1 - Pool stats (total=10, active=0, idle=10, waiting=0)
2019-04-15 10:15:11.348 DEBUG --- [HikariPool.java:404][HikariPool-1 housekeeper] - HikariPool-1 - Pool stats (total=10, active=0, idle=10, waiting=0)
2019-04-15 10:15:41.348 DEBUG --- [HikariPool.java:404][HikariPool-1 housekeeper] - HikariPool-1 - Pool stats (total=10, active=0, idle=10, waiting=0)
2019-04-15 10:16:11.350 DEBUG --- [HikariPool.java:404][HikariPool-1 housekeeper] - HikariPool-1 - Pool stats (total=10, active=0, idle=10, waiting=0)
2019-04-15 10:16:41.351 DEBUG --- [HikariPool.java:404][HikariPool-1 housekeeper] - HikariPool-1 - Pool stats (total=10, active=0, idle=10, waiting=0)
2019-04-15 10:17:11.351 DEBUG --- [HikariPool.java:404][HikariPool-1 housekeeper] - HikariPool-1 - Pool stats (total=10, active=0, idle=10, waiting=0)
2019-04-15 10:17:41.352 DEBUG --- [HikariPool.java:404][HikariPool-1 housekeeper] - HikariPool-1 - Pool stats (total=10, active=0, idle=10, waiting=0)
2019-04-15 10:18:11.354 DEBUG --- [HikariPool.java:404][HikariPool-1 housekeeper] - HikariPool-1 - Pool stats (total=10, active=0, idle=10, waiting=0)
2019-04-15 10:18:41.355 DEBUG --- [HikariPool.java:404][HikariPool-1 housekeeper] - HikariPool-1 - Pool stats (total=10, active=0, idle=10, waiting=0)
2019-04-15 10:19:11.356 DEBUG --- [HikariPool.java:404][HikariPool-1 housekeeper] - HikariPool-1 - Pool stats (total=10, active=0, idle=10, waiting=0)
2019-04-15 10:19:41.357 DEBUG --- [HikariPool.java:404][HikariPool-1 housekeeper] - HikariPool-1 - Pool stats (total=10, active=0, idle=10, waiting=0)
2019-04-15 10:20:11.358 DEBUG --- [HikariPool.java:404][HikariPool-1 housekeeper] - HikariPool-1 - Pool stats (total=10, active=0, idle=10, waiting=0)
2019-04-15 10:20:41.359 DEBUG --- [HikariPool.java:404][HikariPool-1 housekeeper] - HikariPool-1 - Pool stats (total=10, active=0, idle=10, waiting=0)
2019-04-15 10:21:11.361 DEBUG --- [HikariPool.java:404][HikariPool-1 housekeeper] - HikariPool-1 - Pool stats (total=10, active=0, idle=10, waiting=0)
2019-04-15 10:21:41.362 DEBUG --- [HikariPool.java:404][HikariPool-1 housekeeper] - HikariPool-1 - Pool stats (total=10, active=0, idle=10, waiting=0)
2019-04-15 10:22:11.363 DEBUG --- [HikariPool.java:404][HikariPool-1 housekeeper] - HikariPool-1 - Pool stats (total=10, active=0, idle=10, waiting=0)
2019-04-15 10:22:41.365 DEBUG --- [HikariPool.java:404][HikariPool-1 housekeeper] - HikariPool-1 - Pool stats (total=10, active=0, idle=10, waiting=0)
2019-04-15 10:23:11.365 DEBUG --- [HikariPool.java:404][HikariPool-1 housekeeper] - HikariPool-1 - Pool stats (total=10, active=0, idle=10, waiting=0)
2019-04-15 10:23:41.366 DEBUG --- [HikariPool.java:404][HikariPool-1 housekeeper] - HikariPool-1 - Pool stats (total=10, active=0, idle=10, waiting=0)
2019-04-15 10:24:11.367 DEBUG --- [HikariPool.java:404][HikariPool-1 housekeeper] - HikariPool-1 - Pool stats (total=10, active=0, idle=10, waiting=0)
2019-04-15 10:24:41.368 DEBUG --- [HikariPool.java:404][HikariPool-1 housekeeper] - HikariPool-1 - Pool stats (total=10, active=0, idle=10, waiting=0)
2019-04-15 10:25:11.369 DEBUG --- [HikariPool.java:404][HikariPool-1 housekeeper] - HikariPool-1 - Pool stats (total=10, active=0, idle=10, waiting=0)
2019-04-15 10:25:41.371 DEBUG --- [HikariPool.java:404][HikariPool-1 housekeeper] - HikariPool-1 - Pool stats (total=10, active=0, idle=10, waiting=0)
2019-04-15 10:26:11.371 DEBUG --- [HikariPool.java:404][HikariPool-1 housekeeper] - HikariPool-1 - Pool stats (total=10, active=0, idle=10, waiting=0)
2019-04-15 10:26:41.373 DEBUG --- [HikariPool.java:404][HikariPool-1 housekeeper] - HikariPool-1 - Pool stats (total=10, active=0, idle=10, waiting=0)
2019-04-15 10:27:11.375 DEBUG --- [HikariPool.java:404][HikariPool-1 housekeeper] - HikariPool-1 - Pool stats (total=10, active=0, idle=10, waiting=0)
2019-04-15 10:27:41.376 DEBUG --- [HikariPool.java:404][HikariPool-1 housekeeper] - HikariPool-1 - Pool stats (total=10, active=0, idle=10, waiting=0)
2019-04-15 10:28:11.377 DEBUG --- [HikariPool.java:404][HikariPool-1 housekeeper] - HikariPool-1 - Pool stats (total=10, active=0, idle=10, waiting=0)
2019-04-15 10:28:41.378 DEBUG --- [HikariPool.java:404][HikariPool-1 housekeeper] - HikariPool-1 - Pool stats (total=10, active=0, idle=10, waiting=0)
2019-04-15 10:29:11.380 DEBUG --- [HikariPool.java:404][HikariPool-1 housekeeper] - HikariPool-1 - Pool stats (total=10, active=0, idle=10, waiting=0)
2019-04-15 10:29:41.381 DEBUG --- [HikariPool.java:404][HikariPool-1 housekeeper] - HikariPool-1 - Pool stats (total=10, active=0, idle=10, waiting=0)
2019-04-15 10:30:11.382 DEBUG --- [HikariPool.java:404][HikariPool-1 housekeeper] - HikariPool-1 - Pool stats (total=10, active=0, idle=10, waiting=0)
2019-04-15 10:30:41.384 DEBUG --- [HikariPool.java:404][HikariPool-1 housekeeper] - HikariPool-1 - Pool stats (total=10, active=0, idle=10, waiting=0)
2019-04-15 10:31:11.384 DEBUG --- [HikariPool.java:404][HikariPool-1 housekeeper] - HikariPool-1 - Pool stats (total=10, active=0, idle=10, waiting=0)
2019-04-15 10:31:41.385 DEBUG --- [HikariPool.java:404][HikariPool-1 housekeeper] - HikariPool-1 - Pool stats (total=10, active=0, idle=10, waiting=0)
2019-04-15 10:32:11.386 DEBUG --- [HikariPool.java:404][HikariPool-1 housekeeper] - HikariPool-1 - Pool stats (total=10, active=0, idle=10, waiting=0)
2019-04-15 10:32:41.386 DEBUG --- [HikariPool.java:404][HikariPool-1 housekeeper] - HikariPool-1 - Pool stats (total=10, active=0, idle=10, waiting=0)
2019-04-15 10:33:11.388 DEBUG --- [HikariPool.java:404][HikariPool-1 housekeeper] - HikariPool-1 - Pool stats (total=10, active=0, idle=10, waiting=0)
2019-04-15 10:33:41.389 DEBUG --- [HikariPool.java:404][HikariPool-1 housekeeper] - HikariPool-1 - Pool stats (total=10, active=0, idle=10, waiting=0)
2019-04-15 10:34:11.391 DEBUG --- [HikariPool.java:404][HikariPool-1 housekeeper] - HikariPool-1 - Pool stats (total=10, active=0, idle=10, waiting=0)
2019-04-15 10:34:35.936 DEBUG --- [PoolBase.java:127][HikariPool-1 connection closer] - HikariPool-1 - Closing connection com.mysql.jdbc.JDBC4Connection@6d72444e: (connection has passed maxLifetime)
2019-04-15 10:34:35.944 DEBUG --- [HikariPool.java:702][HikariPool-1 connection adder] - HikariPool-1 - Added connection com.mysql.jdbc.JDBC4Connection@2c4754c4
2019-04-15 10:34:41.392 DEBUG --- [HikariPool.java:404][HikariPool-1 housekeeper] - HikariPool-1 - Pool stats (total=10, active=0, idle=10, waiting=0)
2019-04-15 10:35:02.709 DEBUG --- [PoolBase.java:127][HikariPool-1 connection closer] - HikariPool-1 - Closing connection com.mysql.jdbc.JDBC4Connection@2e8b92bc: (connection has passed maxLifetime)
2019-04-15 10:35:02.715 DEBUG --- [HikariPool.java:702][HikariPool-1 connection adder] - HikariPool-1 - Added connection com.mysql.jdbc.JDBC4Connection@5580f6f
2019-04-15 10:35:11.394 DEBUG --- [HikariPool.java:404][HikariPool-1 housekeeper] - HikariPool-1 - Pool stats (total=10, active=0, idle=10, waiting=0)
2019-04-15 10:35:16.471 DEBUG --- [PoolBase.java:127][HikariPool-1 connection closer] - HikariPool-1 - Closing connection com.mysql.jdbc.JDBC4Connection@41c8e061: (connection has passed maxLifetime)
2019-04-15 10:35:16.474 DEBUG --- [HikariPool.java:702][HikariPool-1 connection adder] - HikariPool-1 - Added connection com.mysql.jdbc.JDBC4Connection@23f3104d
2019-04-15 10:35:24.689 DEBUG --- [PoolBase.java:127][HikariPool-1 connection closer] - HikariPool-1 - Closing connection com.mysql.jdbc.JDBC4Connection@31bf41a: (connection has passed maxLifetime)
2019-04-15 10:35:24.693 DEBUG --- [HikariPool.java:702][HikariPool-1 connection adder] - HikariPool-1 - Added connection com.mysql.jdbc.JDBC4Connection@10da8a63
2019-04-15 10:35:28.819 DEBUG --- [PoolBase.java:127][HikariPool-1 connection closer] - HikariPool-1 - Closing connection com.mysql.jdbc.JDBC4Connection@720b2972: (connection has passed maxLifetime)
2019-04-15 10:35:28.822 DEBUG --- [HikariPool.java:702][HikariPool-1 connection adder] - HikariPool-1 - Added connection com.mysql.jdbc.JDBC4Connection@644764d1
2019-04-15 10:35:34.722 DEBUG --- [PoolBase.java:127][HikariPool-1 connection closer] - HikariPool-1 - Closing connection com.mysql.jdbc.JDBC4Connection@663942a3: (connection has passed maxLifetime)
2019-04-15 10:35:34.726 DEBUG --- [HikariPool.java:702][HikariPool-1 connection adder] - HikariPool-1 - Added connection com.mysql.jdbc.JDBC4Connection@8602f01
2019-04-15 10:35:41.395 DEBUG --- [HikariPool.java:404][HikariPool-1 housekeeper] - HikariPool-1 - Pool stats (total=10, active=0, idle=10, waiting=0)
2019-04-15 10:35:44.094 DEBUG --- [PoolBase.java:127][HikariPool-1 connection closer] - HikariPool-1 - Closing connection com.mysql.jdbc.JDBC4Connection@156f6ac5: (connection has passed maxLifetime)
2019-04-15 10:35:44.099 DEBUG --- [HikariPool.java:702][HikariPool-1 connection adder] - HikariPool-1 - Added connection com.mysql.jdbc.JDBC4Connection@6f768762
2019-04-15 10:35:58.434 DEBUG --- [PoolBase.java:127][HikariPool-1 connection closer] - HikariPool-1 - Closing connection com.mysql.jdbc.JDBC4Connection@6183ba2d: (connection has passed maxLifetime)
2019-04-15 10:35:58.437 DEBUG --- [HikariPool.java:702][HikariPool-1 connection adder] - HikariPool-1 - Added connection com.mysql.jdbc.JDBC4Connection@5c2b344b
2019-04-15 10:36:00.606 DEBUG --- [PoolBase.java:127][HikariPool-1 connection closer] - HikariPool-1 - Closing connection com.mysql.jdbc.JDBC4Connection@33c5f237: (connection has passed maxLifetime)
2019-04-15 10:36:00.609 DEBUG --- [HikariPool.java:702][HikariPool-1 connection adder] - HikariPool-1 - Added connection com.mysql.jdbc.JDBC4Connection@28fa7e38
2019-04-15 10:36:07.977 DEBUG --- [PoolBase.java:127][HikariPool-1 connection closer] - HikariPool-1 - Closing connection com.mysql.jdbc.JDBC4Connection@12a6ca7a: (connection has passed maxLifetime)
2019-04-15 10:36:07.980 DEBUG --- [HikariPool.java:702][HikariPool-1 connection adder] - HikariPool-1 - Added connection com.mysql.jdbc.JDBC4Connection@23580bdb
2019-04-15 10:36:11.396 DEBUG --- [HikariPool.java:404][HikariPool-1 housekeeper] - HikariPool-1 - Pool stats (total=10, active=0, idle=10, waiting=0)
2019-04-15 10:36:41.398 DEBUG --- [HikariPool.java:404][HikariPool-1 housekeeper] - HikariPool-1 - Pool stats (total=10, active=0, idle=10, waiting=0)
2019-04-15 10:37:11.400 DEBUG --- [HikariPool.java:404][HikariPool-1 housekeeper] - HikariPool-1 - Pool stats (total=10, active=0, idle=10, waiting=0)
