2019-04-14 20:05:49.479 DEBUG --- [ResourceBundleMessageInterpolator.java:89][background-preinit] - Loaded expression factory via original TCCL
2019-04-14 20:05:49.496 DEBUG --- [ValidatorFactoryImpl.java:578][background-preinit] - HV000234: Using org.hibernate.validator.messageinterpolation.ResourceBundleMessageInterpolator as ValidatorFactory-scoped message interpolator.
2019-04-14 20:05:49.497 DEBUG --- [ValidatorFactoryImpl.java:579][background-preinit] - HV000234: Using org.hibernate.validator.internal.engine.resolver.TraverseAllTraversableResolver as ValidatorFactory-scoped traversable resolver.
2019-04-14 20:05:49.498 DEBUG --- [ValidatorFactoryImpl.java:580][background-preinit] - HV000234: Using org.hibernate.validator.internal.util.ExecutableParameterNameProvider as ValidatorFactory-scoped parameter name provider.
2019-04-14 20:05:49.498 DEBUG --- [ValidatorFactoryImpl.java:581][background-preinit] - HV000234: Using org.hibernate.validator.internal.engine.DefaultClockProvider as ValidatorFactory-scoped clock provider.
2019-04-14 20:05:49.498 DEBUG --- [ValidatorFactoryImpl.java:582][background-preinit] - HV000234: Using org.hibernate.validator.internal.engine.scripting.DefaultScriptEvaluatorFactory as ValidatorFactory-scoped script evaluator factory.
2019-04-14 20:05:49.501 INFO  --- [StartupInfoLogger.java:50][restartedMain] - Starting MyApplication on LAPTOP-L6LF7Q8E with PID 11328 (D:\shrekspringboot\back\target\classes started by 吴署 in D:\shrekspringboot\back)
2019-04-14 20:05:49.502 DEBUG --- [StartupInfoLogger.java:53][restartedMain] - Running with Spring Boot v2.0.2.RELEASE, Spring v5.0.6.RELEASE
2019-04-14 20:05:49.503 INFO  --- [SpringApplication.java:663][restartedMain] - The following profiles are active: dev
2019-04-14 20:05:50.867 WARN  --- [ClassPathMapperScanner.java:239][restartedMain] - Skipping MapperFactoryBean with name 'bsCityDao' and 'com.shrek.example.dao.mysql.BsCityDao' mapperInterface. Bean already defined with the same name!
2019-04-14 20:05:50.868 WARN  --- [ClassPathMapperScanner.java:239][restartedMain] - Skipping MapperFactoryBean with name 'loginDao' and 'com.shrek.example.dao.mysql.LoginDao' mapperInterface. Bean already defined with the same name!
2019-04-14 20:05:50.868 WARN  --- [ClassPathMapperScanner.java:239][restartedMain] - Skipping MapperFactoryBean with name 'orgDao' and 'com.shrek.example.dao.mysql.OrgDao' mapperInterface. Bean already defined with the same name!
2019-04-14 20:05:50.868 WARN  --- [ClassPathMapperScanner.java:239][restartedMain] - Skipping MapperFactoryBean with name 'permissionDao' and 'com.shrek.example.dao.mysql.PermissionDao' mapperInterface. Bean already defined with the same name!
2019-04-14 20:05:50.869 WARN  --- [ClassPathMapperScanner.java:239][restartedMain] - Skipping MapperFactoryBean with name 'sysGeneratorDao' and 'com.shrek.example.dao.mysql.SysGeneratorDao' mapperInterface. Bean already defined with the same name!
2019-04-14 20:05:50.869 WARN  --- [ClassPathMapperScanner.java:239][restartedMain] - Skipping MapperFactoryBean with name 'userDao' and 'com.shrek.example.dao.mysql.UserDao' mapperInterface. Bean already defined with the same name!
2019-04-14 20:05:50.869 WARN  --- [ClassPathMapperScanner.java:239][restartedMain] - Skipping MapperFactoryBean with name 'webChatCacheDao' and 'com.shrek.example.dao.mysql.WebChatCacheDao' mapperInterface. Bean already defined with the same name!
2019-04-14 20:05:50.869 WARN  --- [ClassPathMapperScanner.java:239][restartedMain] - Skipping MapperFactoryBean with name 'webchatConfigDao' and 'com.shrek.example.dao.mysql.WebchatConfigDao' mapperInterface. Bean already defined with the same name!
2019-04-14 20:05:50.870 WARN  --- [ClassPathMapperScanner.java:239][restartedMain] - Skipping MapperFactoryBean with name 'webChatDepDao' and 'com.shrek.example.dao.mysql.WebChatDepDao' mapperInterface. Bean already defined with the same name!
2019-04-14 20:05:50.870 WARN  --- [ClassPathMapperScanner.java:239][restartedMain] - Skipping MapperFactoryBean with name 'webChatUserDao' and 'com.shrek.example.dao.mysql.WebChatUserDao' mapperInterface. Bean already defined with the same name!
2019-04-14 20:05:50.870 WARN  --- [ClassPathMapperScanner.java:166][restartedMain] - No MyBatis mapper was found in '[com.shrek.example.dao]' package. Please check your configuration.
2019-04-14 20:05:52.729 DEBUG --- [HikariConfig.java:495][restartedMain] - Driver class com.mysql.jdbc.Driver found in Thread context class loader org.springframework.boot.devtools.restart.classloader.RestartClassLoader@20690623
2019-04-14 20:05:53.986 ERROR --- [DirectJDKLog.java:180][restartedMain] - An incompatible version [1.1.32] of the APR based Apache Tomcat Native library is installed, while Tomcat requires version [1.2.14]
2019-04-14 20:05:54.444 ERROR --- [DirectJDKLog.java:180][restartedMain] - An incompatible version [1.1.32] of the APR based Apache Tomcat Native library is installed, while Tomcat requires version [1.2.14]
2019-04-14 20:05:54.471 ERROR --- [DirectJDKLog.java:180][localhost-startStop-1] - An incompatible version [1.1.32] of the APR based Apache Tomcat Native library is installed, while Tomcat requires version [1.2.14]
2019-04-14 20:05:55.421 DEBUG --- [HikariConfig.java:495][restartedMain] - Driver class com.microsoft.sqlserver.jdbc.SQLServerDriver found in Thread context class loader org.springframework.boot.devtools.restart.classloader.RestartClassLoader@20690623
2019-04-14 20:05:55.527 DEBUG --- [TraversableResolvers.java:60][restartedMain] - Cannot find javax.persistence.Persistence on classpath. Assuming non JPA 2 environment. All properties will per default be traversable.
2019-04-14 20:05:55.528 DEBUG --- [ResourceBundleMessageInterpolator.java:89][restartedMain] - Loaded expression factory via original TCCL
2019-04-14 20:05:55.540 DEBUG --- [TraversableResolvers.java:60][restartedMain] - Cannot find javax.persistence.Persistence on classpath. Assuming non JPA 2 environment. All properties will per default be traversable.
2019-04-14 20:05:55.541 DEBUG --- [ConfigurationImpl.java:148][restartedMain] - Setting custom MessageInterpolator of type org.springframework.validation.beanvalidation.LocaleContextMessageInterpolator
2019-04-14 20:05:55.542 DEBUG --- [ConfigurationImpl.java:180][restartedMain] - Setting custom ConstraintValidatorFactory of type org.springframework.validation.beanvalidation.SpringConstraintValidatorFactory
2019-04-14 20:05:55.543 DEBUG --- [ConfigurationImpl.java:194][restartedMain] - Setting custom ParameterNameProvider of type org.springframework.validation.beanvalidation.LocalValidatorFactoryBean$1
2019-04-14 20:05:55.545 DEBUG --- [ValidationXmlParser.java:133][restartedMain] - Trying to load META-INF/validation.xml for XML based Validator configuration.
2019-04-14 20:05:55.546 DEBUG --- [ResourceLoaderHelper.java:53][restartedMain] - Trying to load META-INF/validation.xml via user class loader
2019-04-14 20:05:55.547 DEBUG --- [ResourceLoaderHelper.java:60][restartedMain] - Trying to load META-INF/validation.xml via TCCL
2019-04-14 20:05:55.547 DEBUG --- [ResourceLoaderHelper.java:66][restartedMain] - Trying to load META-INF/validation.xml via Hibernate Validator's class loader
2019-04-14 20:05:55.548 DEBUG --- [ValidationXmlParser.java:140][restartedMain] - No META-INF/validation.xml found. Using annotation based configuration only.
2019-04-14 20:05:55.554 DEBUG --- [ValidatorFactoryImpl.java:578][restartedMain] - HV000234: Using org.springframework.validation.beanvalidation.LocaleContextMessageInterpolator as ValidatorFactory-scoped message interpolator.
2019-04-14 20:05:55.555 DEBUG --- [ValidatorFactoryImpl.java:579][restartedMain] - HV000234: Using org.hibernate.validator.internal.engine.resolver.TraverseAllTraversableResolver as ValidatorFactory-scoped traversable resolver.
2019-04-14 20:05:55.555 DEBUG --- [ValidatorFactoryImpl.java:580][restartedMain] - HV000234: Using org.hibernate.validator.internal.util.ExecutableParameterNameProvider as ValidatorFactory-scoped parameter name provider.
2019-04-14 20:05:55.556 DEBUG --- [ValidatorFactoryImpl.java:581][restartedMain] - HV000234: Using org.hibernate.validator.internal.engine.DefaultClockProvider as ValidatorFactory-scoped clock provider.
2019-04-14 20:05:55.556 DEBUG --- [ValidatorFactoryImpl.java:582][restartedMain] - HV000234: Using org.hibernate.validator.internal.engine.scripting.DefaultScriptEvaluatorFactory as ValidatorFactory-scoped script evaluator factory.
2019-04-14 20:05:57.133 INFO  --- [StartupInfoLogger.java:59][restartedMain] - Started MyApplication in 8.217 seconds (JVM running for 10.615)
